INFO:urllib3.connectionpool:Starting new HTTP connection (1): 127.0.0.1
INFO:root:https://www.hackerrank.com/submissions/all/page/1
INFO:root:https://www.hackerrank.com/submissions/all/page/10
INFO:root:Ruby Tutorial - Everything is an ObjectRuby
INFO:root:Success
INFO:root:https://www.hackerrank.com/submissions/all/page/11
INFO:root:Weather Observation Station 1Oracle
INFO:root:Success
INFO:root:https://www.hackerrank.com/submissions/all/page/12
INFO:root:Update ListScala
INFO:root:Success
INFO:root:https://www.hackerrank.com/submissions/all/page/13
INFO:root:Update ListScala
INFO:root:Success
INFO:root:https://www.hackerrank.com/submissions/all/page/14
INFO:root:List LengthScala
INFO:root:Success
INFO:root:https://www.hackerrank.com/submissions/all/page/15
INFO:root:Sum of Odd ElementsScala
INFO:root:Success
INFO:root:https://www.hackerrank.com/submissions/all/page/16
INFO:root:Sum of Odd ElementsScala
INFO:root:Success
INFO:root:https://www.hackerrank.com/submissions/all/page/17
INFO:root:Reverse a ListScala
INFO:root:Success
INFO:root:https://www.hackerrank.com/submissions/all/page/18
INFO:root:Array Of N ElementsScala
INFO:root:Success
INFO:root:https://www.hackerrank.com/submissions/all/page/19
INFO:root:Filter ArrayScala
INFO:root:Success
INFO:root:https://www.hackerrank.com/submissions/all/page/2
INFO:root:https://www.hackerrank.com/submissions/all/page/20
INFO:root:List ReplicationScala
INFO:root:Success
INFO:root:https://www.hackerrank.com/submissions/all/page/21
INFO:root:List ReplicationScala
INFO:root:Success
INFO:root:https://www.hackerrank.com/submissions/all/page/22
INFO:root:Hello World N TimesScala
INFO:root:Success
INFO:root:https://www.hackerrank.com/submissions/all/page/23
INFO:root:Hello WorldScala
INFO:root:Success
INFO:root:https://www.hackerrank.com/submissions/all/page/24
INFO:root:Solve Me First FPScala
INFO:root:Success
INFO:root:https://www.hackerrank.com/submissions/all/page/25
INFO:root:Java Loops IIJava 7
INFO:root:Success
INFO:root:https://www.hackerrank.com/submissions/all/page/26
INFO:root:Java Int to StringJava 7
